============================= test session starts ==============================
platform linux -- Python 3.12.3, pytest-9.1.1, pluggy-1.6.0 -- /home/liam/agentic-os-live/dashboard/backend/.venv/bin/python
cachedir: .pytest_cache
rootdir: /home/liam/agentic-os-live
configfile: pytest.ini
plugins: anyio-4.14.1
collecting ... collected 13 items

tests/test_validation_a_seal_guard.py::SealGuardActiveTests::test_empty_or_malformed_payload_does_not_crash PASSED [  7%]
tests/test_validation_a_seal_guard.py::SealGuardActiveTests::test_generic_tools_are_blocked_outright 
tests/test_validation_a_seal_guard.py::SealGuardActiveTests::test_generic_tools_are_blocked_outright PASSED [ 15%]
tests/test_validation_a_seal_guard.py::SealGuardActiveTests::test_legitimate_non_generic_tool_names_remain_available PASSED [ 23%]
tests/test_validation_a_seal_guard.py::SealGuardActiveTests::test_phase2a_freeze_source_denied_by_basename_even_if_differently_rooted PASSED [ 30%]
tests/test_validation_a_seal_guard.py::SealGuardActiveTests::test_phase2a_freeze_source_path_is_denied PASSED [ 38%]
tests/test_validation_a_seal_guard.py::SealGuardActiveTests::test_phase2a_unsealed_control_still_allowed_alongside_freeze_extension PASSED [ 46%]
tests/test_validation_a_seal_guard.py::SealGuardActiveTests::test_sealed_adjudication_path_is_denied PASSED [ 53%]
tests/test_validation_a_seal_guard.py::SealGuardActiveTests::test_sealed_path_denied_by_basename_even_if_differently_rooted PASSED [ 61%]
tests/test_validation_a_seal_guard.py::SealGuardActiveTests::test_sealed_scorer_report_is_denied PASSED [ 69%]
tests/test_validation_a_seal_guard.py::SealGuardActiveTests::test_unsealed_control_path_is_allowed PASSED [ 76%]
tests/test_validation_a_seal_guard.py::SealGuardInertWhenInactiveTests::test_generic_tools_unaffected_when_inactive 
tests/test_validation_a_seal_guard.py::SealGuardInertWhenInactiveTests::test_generic_tools_unaffected_when_inactive PASSED [ 84%]
tests/test_validation_a_seal_guard.py::SealGuardInertWhenInactiveTests::test_guard_is_inactive_without_env_signal PASSED [ 92%]
tests/test_validation_a_seal_guard.py::SealGuardInertWhenInactiveTests::test_phase2a_freeze_extension_inactive_without_env_signal PASSED [100%]

==================== 13 passed, 7 subtests passed in 0.04s =====================
